
*** Running vivado
    with args -log fpadd_system.vdi -applog -m64 -product Vivado -messageDb vivado.pb -mode batch -source fpadd_system.tcl -notrace


****** Vivado v2020.2 (64-bit)
  **** SW Build 3064766 on Wed Nov 18 09:12:47 MST 2020
  **** IP Build 3064653 on Wed Nov 18 14:17:31 MST 2020
    ** Copyright 1986-2020 Xilinx, Inc. All Rights Reserved.

source fpadd_system.tcl -notrace
Command: link_design -top fpadd_system -part xc7z020clg484-1
Design is defaulting to srcset: sources_1
Design is defaulting to constrset: constrs_1
INFO: [Device 21-403] Loading part xc7z020clg484-1
Netlist sorting complete. Time (s): cpu = 00:00:00.01 ; elapsed = 00:00:00 . Memory (MB): peak = 2391.609 ; gain = 0.000 ; free physical = 22199 ; free virtual = 26406
INFO: [Netlist 29-17] Analyzing 48 Unisim elements for replacement
INFO: [Netlist 29-28] Unisim Transformation completed in 0 CPU seconds
INFO: [Project 1-479] Netlist was created with Vivado 2020.2
INFO: [Project 1-570] Preparing netlist for logic optimization
Parsing XDC File [/local/embedded/courses/ECE340_EmbeddedSystems/Labs/lab1/step4/verilog_input/our_constraints.xdc]
Finished Parsing XDC File [/local/embedded/courses/ECE340_EmbeddedSystems/Labs/lab1/step4/verilog_input/our_constraints.xdc]
INFO: [Opt 31-138] Pushed 0 inverter(s) to 0 load pin(s).
Netlist sorting complete. Time (s): cpu = 00:00:00 ; elapsed = 00:00:00.01 . Memory (MB): peak = 2415.465 ; gain = 0.000 ; free physical = 22100 ; free virtual = 26307
INFO: [Project 1-111] Unisim Transformation Summary:
No Unisim elements were transformed.

7 Infos, 0 Warnings, 0 Critical Warnings and 0 Errors encountered.
link_design completed successfully
link_design: Time (s): cpu = 00:00:06 ; elapsed = 00:00:08 . Memory (MB): peak = 2415.465 ; gain = 30.141 ; free physical = 22132 ; free virtual = 26338
Command: opt_design
Attempting to get a license for feature 'Implementation' and/or device 'xc7z020'
INFO: [Common 17-349] Got license for feature 'Implementation' and/or device 'xc7z020'
Running DRC as a precondition to command opt_design

Starting DRC Task
INFO: [DRC 23-27] Running DRC with 4 threads
INFO: [Project 1-461] DRC finished with 0 Errors
INFO: [Project 1-462] Please refer to the DRC report (report_drc) for more information.

Time (s): cpu = 00:00:02 ; elapsed = 00:00:02 . Memory (MB): peak = 2447.488 ; gain = 32.023 ; free physical = 22106 ; free virtual = 26313

Starting Cache Timing Information Task
INFO: [Timing 38-35] Done setting XDC timing constraints.
Ending Cache Timing Information Task | Checksum: 1e9d876a0

Time (s): cpu = 00:00:08 ; elapsed = 00:00:08 . Memory (MB): peak = 2645.434 ; gain = 197.945 ; free physical = 21707 ; free virtual = 25913

Starting Logic Optimization Task

Phase 1 Retarget
INFO: [Opt 31-138] Pushed 0 inverter(s) to 0 load pin(s).
INFO: [Opt 31-49] Retargeted 0 cell(s).
Phase 1 Retarget | Checksum: 1e9d876a0

Time (s): cpu = 00:00:00.05 ; elapsed = 00:00:00.05 . Memory (MB): peak = 2817.371 ; gain = 0.004 ; free physical = 21556 ; free virtual = 25763
INFO: [Opt 31-389] Phase Retarget created 0 cells and removed 0 cells

Phase 2 Constant propagation
INFO: [Opt 31-138] Pushed 0 inverter(s) to 0 load pin(s).
Phase 2 Constant propagation | Checksum: 1e9d876a0

Time (s): cpu = 00:00:00.06 ; elapsed = 00:00:00.06 . Memory (MB): peak = 2817.371 ; gain = 0.004 ; free physical = 21546 ; free virtual = 25753
INFO: [Opt 31-389] Phase Constant propagation created 0 cells and removed 0 cells

Phase 3 Sweep
Phase 3 Sweep | Checksum: 24e28f1f6

Time (s): cpu = 00:00:00.07 ; elapsed = 00:00:00.07 . Memory (MB): peak = 2817.371 ; gain = 0.004 ; free physical = 21553 ; free virtual = 25759
INFO: [Opt 31-389] Phase Sweep created 0 cells and removed 0 cells

Phase 4 BUFG optimization
Phase 4 BUFG optimization | Checksum: 24e28f1f6

Time (s): cpu = 00:00:00.09 ; elapsed = 00:00:00.08 . Memory (MB): peak = 2817.371 ; gain = 0.004 ; free physical = 21572 ; free virtual = 25778
INFO: [Opt 31-662] Phase BUFG optimization created 0 cells of which 0 are BUFGs and removed 0 cells.

Phase 5 Shift Register Optimization
INFO: [Opt 31-1064] SRL Remap converted 0 SRLs to 0 registers and converted 0 registers of register chains to 0 SRLs
Phase 5 Shift Register Optimization | Checksum: 24e28f1f6

Time (s): cpu = 00:00:00.09 ; elapsed = 00:00:00.09 . Memory (MB): peak = 2817.371 ; gain = 0.004 ; free physical = 21566 ; free virtual = 25772
INFO: [Opt 31-389] Phase Shift Register Optimization created 0 cells and removed 0 cells

Phase 6 Post Processing Netlist
Phase 6 Post Processing Netlist | Checksum: 24e28f1f6

Time (s): cpu = 00:00:00.09 ; elapsed = 00:00:00.09 . Memory (MB): peak = 2817.371 ; gain = 0.004 ; free physical = 21556 ; free virtual = 25762
INFO: [Opt 31-389] Phase Post Processing Netlist created 0 cells and removed 0 cells
Opt_design Change Summary
=========================


-------------------------------------------------------------------------------------------------------------------------
|  Phase                        |  #Cells created  |  #Cells Removed  |  #Constrained objects preventing optimizations  |
-------------------------------------------------------------------------------------------------------------------------
|  Retarget                     |               0  |               0  |                                              0  |
|  Constant propagation         |               0  |               0  |                                              0  |
|  Sweep                        |               0  |               0  |                                              0  |
|  BUFG optimization            |               0  |               0  |                                              0  |
|  Shift Register Optimization  |               0  |               0  |                                              0  |
|  Post Processing Netlist      |               0  |               0  |                                              0  |
-------------------------------------------------------------------------------------------------------------------------



Starting Connectivity Check Task

Time (s): cpu = 00:00:00.01 ; elapsed = 00:00:00 . Memory (MB): peak = 2817.371 ; gain = 0.000 ; free physical = 21546 ; free virtual = 25753
Ending Logic Optimization Task | Checksum: 1b97eb30f

Time (s): cpu = 00:00:00.12 ; elapsed = 00:00:00.12 . Memory (MB): peak = 2817.371 ; gain = 0.004 ; free physical = 21563 ; free virtual = 25770

Starting Power Optimization Task
INFO: [Pwropt 34-132] Skipping clock gating for clocks with a period < 2.00 ns.
Ending Power Optimization Task | Checksum: 1b97eb30f

Time (s): cpu = 00:00:00.01 ; elapsed = 00:00:00.02 . Memory (MB): peak = 2817.371 ; gain = 0.000 ; free physical = 21560 ; free virtual = 25767

Starting Final Cleanup Task
Ending Final Cleanup Task | Checksum: 1b97eb30f

Time (s): cpu = 00:00:00 ; elapsed = 00:00:00 . Memory (MB): peak = 2817.371 ; gain = 0.000 ; free physical = 21560 ; free virtual = 25767

Starting Netlist Obfuscation Task
Netlist sorting complete. Time (s): cpu = 00:00:00 ; elapsed = 00:00:00 . Memory (MB): peak = 2817.371 ; gain = 0.000 ; free physical = 21558 ; free virtual = 25765
Ending Netlist Obfuscation Task | Checksum: 1b97eb30f

Time (s): cpu = 00:00:00 ; elapsed = 00:00:00 . Memory (MB): peak = 2817.371 ; gain = 0.000 ; free physical = 21558 ; free virtual = 25765
INFO: [Common 17-83] Releasing license: Implementation
24 Infos, 0 Warnings, 0 Critical Warnings and 0 Errors encountered.
opt_design completed successfully
opt_design: Time (s): cpu = 00:00:12 ; elapsed = 00:00:12 . Memory (MB): peak = 2817.371 ; gain = 401.906 ; free physical = 21556 ; free virtual = 25763
INFO: [Timing 38-480] Writing timing data to binary archive.
Writing placer database...
Writing XDEF routing.
Writing XDEF routing logical nets.
Writing XDEF routing special nets.
Write XDEF Complete: Time (s): cpu = 00:00:00.17 ; elapsed = 00:00:00.06 . Memory (MB): peak = 2857.391 ; gain = 0.004 ; free physical = 21557 ; free virtual = 25765
INFO: [Common 17-1381] The checkpoint '/local/embedded/courses/ECE340_EmbeddedSystems/Labs/lab1/step4/project_1_step4/project_1_step4.runs/impl_1/fpadd_system_opt.dcp' has been generated.
INFO: [runtcl-4] Executing : report_drc -file fpadd_system_drc_opted.rpt -pb fpadd_system_drc_opted.pb -rpx fpadd_system_drc_opted.rpx
Command: report_drc -file fpadd_system_drc_opted.rpt -pb fpadd_system_drc_opted.pb -rpx fpadd_system_drc_opted.rpx
INFO: [IP_Flow 19-234] Refreshing IP repositories
INFO: [IP_Flow 19-1704] No user IP repositories specified
INFO: [IP_Flow 19-2313] Loaded Vivado IP repository '/opt/Xilinx/Vivado/2020.2/data/ip'.
INFO: [Timing 38-35] Done setting XDC timing constraints.
INFO: [DRC 23-27] Running DRC with 4 threads
INFO: [Coretcl 2-168] The results of DRC are in file /local/embedded/courses/ECE340_EmbeddedSystems/Labs/lab1/step4/project_1_step4/project_1_step4.runs/impl_1/fpadd_system_drc_opted.rpt.
report_drc completed successfully
Command: place_design
Attempting to get a license for feature 'Implementation' and/or device 'xc7z020'
INFO: [Common 17-349] Got license for feature 'Implementation' and/or device 'xc7z020'
INFO: [DRC 23-27] Running DRC with 4 threads
INFO: [Vivado_Tcl 4-198] DRC finished with 0 Errors
INFO: [Vivado_Tcl 4-199] Please refer to the DRC report (report_drc) for more information.
Running DRC as a precondition to command place_design
INFO: [DRC 23-27] Running DRC with 4 threads
INFO: [Vivado_Tcl 4-198] DRC finished with 0 Errors
INFO: [Vivado_Tcl 4-199] Please refer to the DRC report (report_drc) for more information.

Starting Placer Task
INFO: [Place 30-611] Multithreading enabled for place_design using a maximum of 4 CPUs

Phase 1 Placer Initialization

Phase 1.1 Placer Initialization Netlist Sorting
Netlist sorting complete. Time (s): cpu = 00:00:00 ; elapsed = 00:00:00 . Memory (MB): peak = 2957.793 ; gain = 0.000 ; free physical = 21493 ; free virtual = 25700
Phase 1.1 Placer Initialization Netlist Sorting | Checksum: 165e58a5c

Time (s): cpu = 00:00:00 ; elapsed = 00:00:00.01 . Memory (MB): peak = 2957.793 ; gain = 0.000 ; free physical = 21493 ; free virtual = 25700
Netlist sorting complete. Time (s): cpu = 00:00:00 ; elapsed = 00:00:00 . Memory (MB): peak = 2957.793 ; gain = 0.000 ; free physical = 21490 ; free virtual = 25697

Phase 1.2 IO Placement/ Clock Placement/ Build Placer Device
Phase 1.2 IO Placement/ Clock Placement/ Build Placer Device | Checksum: 148f91aca

Time (s): cpu = 00:00:00.34 ; elapsed = 00:00:00.31 . Memory (MB): peak = 2957.793 ; gain = 0.000 ; free physical = 21510 ; free virtual = 25717

Phase 1.3 Build Placer Netlist Model
Phase 1.3 Build Placer Netlist Model | Checksum: 239c671e9

Time (s): cpu = 00:00:00.59 ; elapsed = 00:00:00.49 . Memory (MB): peak = 2957.793 ; gain = 0.000 ; free physical = 21527 ; free virtual = 25734

Phase 1.4 Constrain Clocks/Macros
Phase 1.4 Constrain Clocks/Macros | Checksum: 239c671e9

Time (s): cpu = 00:00:00.59 ; elapsed = 00:00:00.50 . Memory (MB): peak = 2957.793 ; gain = 0.000 ; free physical = 21541 ; free virtual = 25748
Phase 1 Placer Initialization | Checksum: 239c671e9

Time (s): cpu = 00:00:00.60 ; elapsed = 00:00:00.50 . Memory (MB): peak = 2957.793 ; gain = 0.000 ; free physical = 21528 ; free virtual = 25735

Phase 2 Global Placement

Phase 2.1 Floorplanning
Phase 2.1 Floorplanning | Checksum: 19a2dd94a

Time (s): cpu = 00:00:00.72 ; elapsed = 00:00:00.59 . Memory (MB): peak = 2957.793 ; gain = 0.000 ; free physical = 21531 ; free virtual = 25738

Phase 2.2 Update Timing before SLR Path Opt
Phase 2.2 Update Timing before SLR Path Opt | Checksum: 1a76a9402

Time (s): cpu = 00:00:00.78 ; elapsed = 00:00:00.66 . Memory (MB): peak = 2957.793 ; gain = 0.000 ; free physical = 21546 ; free virtual = 25753

Phase 2.3 Global Placement Core

Phase 2.3.1 Physical Synthesis In Placer
INFO: [Physopt 32-1035] Found 0 LUTNM shape to break, 2 LUT instances to create LUTNM shape
INFO: [Physopt 32-1044] Break lutnm for timing: one critical 0, two critical 0, total 0, new lutff created 0
INFO: [Physopt 32-775] End 1 Pass. Optimized 1 net or cell. Created 0 new cell, deleted 1 existing cell and moved 0 existing cell
INFO: [Physopt 32-65] No nets found for high-fanout optimization.
INFO: [Physopt 32-232] Optimized 0 net. Created 0 new instance.
INFO: [Physopt 32-775] End 1 Pass. Optimized 0 net or cell. Created 0 new cell, deleted 0 existing cell and moved 0 existing cell
INFO: [Physopt 32-670] No setup violation found.  DSP Register Optimization was not performed.
INFO: [Physopt 32-670] No setup violation found.  Shift Register to Pipeline Optimization was not performed.
INFO: [Physopt 32-670] No setup violation found.  Shift Register Optimization was not performed.
INFO: [Physopt 32-670] No setup violation found.  BRAM Register Optimization was not performed.
INFO: [Physopt 32-670] No setup violation found.  URAM Register Optimization was not performed.
INFO: [Physopt 32-949] No candidate nets found for dynamic/static region interface net replication
INFO: [Physopt 32-775] End 1 Pass. Optimized 0 net or cell. Created 0 new cell, deleted 0 existing cell and moved 0 existing cell
Netlist sorting complete. Time (s): cpu = 00:00:00 ; elapsed = 00:00:00 . Memory (MB): peak = 2957.793 ; gain = 0.000 ; free physical = 21525 ; free virtual = 25732

Summary of Physical Synthesis Optimizations
============================================


-----------------------------------------------------------------------------------------------------------------------------------------------------------
|  Optimization                                     |  Added Cells  |  Removed Cells  |  Optimized Cells/Nets  |  Dont Touch  |  Iterations  |  Elapsed   |
-----------------------------------------------------------------------------------------------------------------------------------------------------------
|  LUT Combining                                    |            0  |              1  |                     1  |           0  |           1  |  00:00:00  |
|  Very High Fanout                                 |            0  |              0  |                     0  |           0  |           1  |  00:00:00  |
|  DSP Register                                     |            0  |              0  |                     0  |           0  |           0  |  00:00:00  |
|  Shift Register to Pipeline                       |            0  |              0  |                     0  |           0  |           0  |  00:00:00  |
|  Shift Register                                   |            0  |              0  |                     0  |           0  |           0  |  00:00:00  |
|  BRAM Register                                    |            0  |              0  |                     0  |           0  |           0  |  00:00:00  |
|  URAM Register                                    |            0  |              0  |                     0  |           0  |           0  |  00:00:00  |
|  Dynamic/Static Region Interface Net Replication  |            0  |              0  |                     0  |           0  |           1  |  00:00:00  |
|  Total                                            |            0  |              1  |                     1  |           0  |           3  |  00:00:00  |
-----------------------------------------------------------------------------------------------------------------------------------------------------------


Phase 2.3.1 Physical Synthesis In Placer | Checksum: 1d0dcebee

Time (s): cpu = 00:00:04 ; elapsed = 00:00:03 . Memory (MB): peak = 2957.793 ; gain = 0.000 ; free physical = 21507 ; free virtual = 25714
Phase 2.3 Global Placement Core | Checksum: 223bf109a

Time (s): cpu = 00:00:08 ; elapsed = 00:00:05 . Memory (MB): peak = 2957.793 ; gain = 0.000 ; free physical = 21522 ; free virtual = 25729
Phase 2 Global Placement | Checksum: 223bf109a

Time (s): cpu = 00:00:08 ; elapsed = 00:00:05 . Memory (MB): peak = 2957.793 ; gain = 0.000 ; free physical = 21522 ; free virtual = 25729

Phase 3 Detail Placement

Phase 3.1 Commit Multi Column Macros
Phase 3.1 Commit Multi Column Macros | Checksum: 235fb4a6e

Time (s): cpu = 00:00:08 ; elapsed = 00:00:05 . Memory (MB): peak = 2957.793 ; gain = 0.000 ; free physical = 21519 ; free virtual = 25726

Phase 3.2 Commit Most Macros & LUTRAMs
Phase 3.2 Commit Most Macros & LUTRAMs | Checksum: 1fbb6e33f

Time (s): cpu = 00:00:08 ; elapsed = 00:00:05 . Memory (MB): peak = 2957.793 ; gain = 0.000 ; free physical = 21504 ; free virtual = 25711

Phase 3.3 Area Swap Optimization
Phase 3.3 Area Swap Optimization | Checksum: 1b2ad860c

Time (s): cpu = 00:00:08 ; elapsed = 00:00:05 . Memory (MB): peak = 2957.793 ; gain = 0.000 ; free physical = 21523 ; free virtual = 25730

Phase 3.4 Pipeline Register Optimization
Phase 3.4 Pipeline Register Optimization | Checksum: 1c3e16215

Time (s): cpu = 00:00:08 ; elapsed = 00:00:05 . Memory (MB): peak = 2957.793 ; gain = 0.000 ; free physical = 21523 ; free virtual = 25730

Phase 3.5 Small Shape Detail Placement
Phase 3.5 Small Shape Detail Placement | Checksum: 1191f768a

Time (s): cpu = 00:00:08 ; elapsed = 00:00:05 . Memory (MB): peak = 2957.793 ; gain = 0.000 ; free physical = 21519 ; free virtual = 25726

Phase 3.6 Re-assign LUT pins
Phase 3.6 Re-assign LUT pins | Checksum: 19ff12241

Time (s): cpu = 00:00:08 ; elapsed = 00:00:05 . Memory (MB): peak = 2957.793 ; gain = 0.000 ; free physical = 21520 ; free virtual = 25727

Phase 3.7 Pipeline Register Optimization
Phase 3.7 Pipeline Register Optimization | Checksum: 1691d4648

Time (s): cpu = 00:00:08 ; elapsed = 00:00:05 . Memory (MB): peak = 2957.793 ; gain = 0.000 ; free physical = 21506 ; free virtual = 25713
Phase 3 Detail Placement | Checksum: 1691d4648

Time (s): cpu = 00:00:08 ; elapsed = 00:00:05 . Memory (MB): peak = 2957.793 ; gain = 0.000 ; free physical = 21501 ; free virtual = 25708

Phase 4 Post Placement Optimization and Clean-Up

Phase 4.1 Post Commit Optimization
INFO: [Timing 38-35] Done setting XDC timing constraints.

Phase 4.1.1 Post Placement Optimization
Post Placement Optimization Initialization | Checksum: 1a8f5513a

Phase 4.1.1.1 BUFG Insertion

Starting Physical Synthesis Task

Phase 1 Physical Synthesis Initialization
INFO: [Physopt 32-721] Multithreading enabled for phys_opt_design using a maximum of 4 CPUs
INFO: [Physopt 32-619] Estimated Timing Summary | WNS=1.645 | TNS=0.000 |
Phase 1 Physical Synthesis Initialization | Checksum: 1509198e9

Time (s): cpu = 00:00:00.03 ; elapsed = 00:00:00.03 . Memory (MB): peak = 2957.793 ; gain = 0.000 ; free physical = 21517 ; free virtual = 25724
INFO: [Place 46-56] BUFG insertion identified 0 candidate nets. Inserted BUFG: 0, Replicated BUFG Driver: 0, Skipped due to Placement/Routing Conflicts: 0, Skipped due to Timing Degradation: 0, Skipped due to Illegal Netlist: 0.
Ending Physical Synthesis Task | Checksum: 19f5255e1

Time (s): cpu = 00:00:00.04 ; elapsed = 00:00:00.03 . Memory (MB): peak = 2957.793 ; gain = 0.000 ; free physical = 21520 ; free virtual = 25727
Phase 4.1.1.1 BUFG Insertion | Checksum: 1a8f5513a

Time (s): cpu = 00:00:09 ; elapsed = 00:00:06 . Memory (MB): peak = 2957.793 ; gain = 0.000 ; free physical = 21506 ; free virtual = 25713
INFO: [Place 30-746] Post Placement Timing Summary WNS=1.645. For the most accurate timing information please run report_timing.

Time (s): cpu = 00:00:09 ; elapsed = 00:00:06 . Memory (MB): peak = 2957.793 ; gain = 0.000 ; free physical = 21517 ; free virtual = 25724
Phase 4.1 Post Commit Optimization | Checksum: 1b45187b1

Time (s): cpu = 00:00:09 ; elapsed = 00:00:06 . Memory (MB): peak = 2957.793 ; gain = 0.000 ; free physical = 21527 ; free virtual = 25734

Phase 4.2 Post Placement Cleanup
Phase 4.2 Post Placement Cleanup | Checksum: 1b45187b1

Time (s): cpu = 00:00:09 ; elapsed = 00:00:06 . Memory (MB): peak = 2957.793 ; gain = 0.000 ; free physical = 21533 ; free virtual = 25740

Phase 4.3 Placer Reporting

Phase 4.3.1 Print Estimated Congestion
INFO: [Place 30-612] Post-Placement Estimated Congestion 
 ____________________________________________________
|           | Global Congestion | Short Congestion  |
| Direction | Region Size       | Region Size       |
|___________|___________________|___________________|
|      North|                1x1|                1x1|
|___________|___________________|___________________|
|      South|                1x1|                1x1|
|___________|___________________|___________________|
|       East|                1x1|                1x1|
|___________|___________________|___________________|
|       West|                1x1|                1x1|
|___________|___________________|___________________|

Phase 4.3.1 Print Estimated Congestion | Checksum: 1b45187b1

Time (s): cpu = 00:00:09 ; elapsed = 00:00:06 . Memory (MB): peak = 2957.793 ; gain = 0.000 ; free physical = 21517 ; free virtual = 25724
Phase 4.3 Placer Reporting | Checksum: 1b45187b1

Time (s): cpu = 00:00:09 ; elapsed = 00:00:06 . Memory (MB): peak = 2957.793 ; gain = 0.000 ; free physical = 21507 ; free virtual = 25714

Phase 4.4 Final Placement Cleanup
Netlist sorting complete. Time (s): cpu = 00:00:00 ; elapsed = 00:00:00 . Memory (MB): peak = 2957.793 ; gain = 0.000 ; free physical = 21505 ; free virtual = 25712

Time (s): cpu = 00:00:09 ; elapsed = 00:00:06 . Memory (MB): peak = 2957.793 ; gain = 0.000 ; free physical = 21505 ; free virtual = 25712
Phase 4 Post Placement Optimization and Clean-Up | Checksum: 125bffb91

Time (s): cpu = 00:00:09 ; elapsed = 00:00:06 . Memory (MB): peak = 2957.793 ; gain = 0.000 ; free physical = 21516 ; free virtual = 25723
Ending Placer Task | Checksum: bd27a10e

Time (s): cpu = 00:00:09 ; elapsed = 00:00:06 . Memory (MB): peak = 2957.793 ; gain = 0.000 ; free physical = 21526 ; free virtual = 25733
INFO: [Common 17-83] Releasing license: Implementation
61 Infos, 0 Warnings, 0 Critical Warnings and 0 Errors encountered.
place_design completed successfully
place_design: Time (s): cpu = 00:00:10 ; elapsed = 00:00:07 . Memory (MB): peak = 2957.793 ; gain = 0.000 ; free physical = 21524 ; free virtual = 25731
INFO: [Timing 38-480] Writing timing data to binary archive.
Writing placer database...
Writing XDEF routing.
Writing XDEF routing logical nets.
Writing XDEF routing special nets.
Write XDEF Complete: Time (s): cpu = 00:00:00.20 ; elapsed = 00:00:00.08 . Memory (MB): peak = 2957.793 ; gain = 0.000 ; free physical = 21549 ; free virtual = 25758
INFO: [Common 17-1381] The checkpoint '/local/embedded/courses/ECE340_EmbeddedSystems/Labs/lab1/step4/project_1_step4/project_1_step4.runs/impl_1/fpadd_system_placed.dcp' has been generated.
INFO: [runtcl-4] Executing : report_io -file fpadd_system_io_placed.rpt
report_io: Time (s): cpu = 00:00:00.09 ; elapsed = 00:00:00.14 . Memory (MB): peak = 2957.793 ; gain = 0.000 ; free physical = 21518 ; free virtual = 25726
INFO: [runtcl-4] Executing : report_utilization -file fpadd_system_utilization_placed.rpt -pb fpadd_system_utilization_placed.pb
INFO: [runtcl-4] Executing : report_control_sets -verbose -file fpadd_system_control_sets_placed.rpt
report_control_sets: Time (s): cpu = 00:00:00.02 ; elapsed = 00:00:00.10 . Memory (MB): peak = 2957.793 ; gain = 0.000 ; free physical = 21535 ; free virtual = 25743
Command: phys_opt_design
Attempting to get a license for feature 'Implementation' and/or device 'xc7z020'
INFO: [Common 17-349] Got license for feature 'Implementation' and/or device 'xc7z020'
INFO: [Vivado_Tcl 4-383] Design worst setup slack (WNS) is greater than or equal to 0.000 ns. Skipping all physical synthesis optimizations.
INFO: [Vivado_Tcl 4-232] No setup violation found. The netlist was not modified.
INFO: [Common 17-83] Releasing license: Implementation
70 Infos, 0 Warnings, 0 Critical Warnings and 0 Errors encountered.
phys_opt_design completed successfully
INFO: [Timing 38-480] Writing timing data to binary archive.
Writing placer database...
Writing XDEF routing.
Writing XDEF routing logical nets.
Writing XDEF routing special nets.
Write XDEF Complete: Time (s): cpu = 00:00:00.13 ; elapsed = 00:00:00.05 . Memory (MB): peak = 2957.793 ; gain = 0.000 ; free physical = 21478 ; free virtual = 25688
INFO: [Common 17-1381] The checkpoint '/local/embedded/courses/ECE340_EmbeddedSystems/Labs/lab1/step4/project_1_step4/project_1_step4.runs/impl_1/fpadd_system_physopt.dcp' has been generated.
Command: route_design
Attempting to get a license for feature 'Implementation' and/or device 'xc7z020'
INFO: [Common 17-349] Got license for feature 'Implementation' and/or device 'xc7z020'
Running DRC as a precondition to command route_design
INFO: [DRC 23-27] Running DRC with 4 threads
INFO: [Vivado_Tcl 4-198] DRC finished with 0 Errors
INFO: [Vivado_Tcl 4-199] Please refer to the DRC report (report_drc) for more information.


Starting Routing Task
INFO: [Route 35-254] Multithreading enabled for route_design using a maximum of 4 CPUs
Checksum: PlaceDB: abfce104 ConstDB: 0 ShapeSum: 112ac00a RouteDB: 0

Phase 1 Build RT Design
Phase 1 Build RT Design | Checksum: 7ed7c3fd

Time (s): cpu = 00:00:19 ; elapsed = 00:00:16 . Memory (MB): peak = 3010.297 ; gain = 52.504 ; free physical = 21355 ; free virtual = 25563
Post Restoration Checksum: NetGraph: 4bf5c0ac NumContArr: 32e20351 Constraints: 0 Timing: 0

Phase 2 Router Initialization

Phase 2.1 Create Timer
Phase 2.1 Create Timer | Checksum: 7ed7c3fd

Time (s): cpu = 00:00:19 ; elapsed = 00:00:16 . Memory (MB): peak = 3010.297 ; gain = 52.504 ; free physical = 21355 ; free virtual = 25563

Phase 2.2 Fix Topology Constraints
Phase 2.2 Fix Topology Constraints | Checksum: 7ed7c3fd

Time (s): cpu = 00:00:19 ; elapsed = 00:00:16 . Memory (MB): peak = 3018.293 ; gain = 60.500 ; free physical = 21348 ; free virtual = 25556

Phase 2.3 Pre Route Cleanup
Phase 2.3 Pre Route Cleanup | Checksum: 7ed7c3fd

Time (s): cpu = 00:00:19 ; elapsed = 00:00:16 . Memory (MB): peak = 3018.293 ; gain = 60.500 ; free physical = 21343 ; free virtual = 25552
 Number of Nodes with overlaps = 0

Phase 2.4 Update Timing
Phase 2.4 Update Timing | Checksum: 1d8afb06d

Time (s): cpu = 00:00:20 ; elapsed = 00:00:16 . Memory (MB): peak = 3030.176 ; gain = 72.383 ; free physical = 21348 ; free virtual = 25556
INFO: [Route 35-416] Intermediate Timing Summary | WNS=1.668  | TNS=0.000  | WHS=-0.142 | THS=-1.185 |

Phase 2 Router Initialization | Checksum: 13a8602e1

Time (s): cpu = 00:00:20 ; elapsed = 00:00:16 . Memory (MB): peak = 3030.176 ; gain = 72.383 ; free physical = 21325 ; free virtual = 25533

Router Utilization Summary
  Global Vertical Routing Utilization    = 0 %
  Global Horizontal Routing Utilization  = 0 %
  Routable Net Status*
  *Does not include unroutable nets such as driverless and loadless.
  Run report_route_status for detailed report.
  Number of Failed Nets               = 568
    (Failed Nets is the sum of unrouted and partially routed nets)
  Number of Unrouted Nets             = 568
  Number of Partially Routed Nets     = 0
  Number of Node Overlaps             = 0


Phase 3 Initial Routing

Phase 3.1 Global Routing
Phase 3.1 Global Routing | Checksum: 13a8602e1

Time (s): cpu = 00:00:20 ; elapsed = 00:00:16 . Memory (MB): peak = 3035.582 ; gain = 77.789 ; free physical = 21343 ; free virtual = 25551
Phase 3 Initial Routing | Checksum: 1a2e08f27

Time (s): cpu = 00:00:21 ; elapsed = 00:00:17 . Memory (MB): peak = 3035.582 ; gain = 77.789 ; free physical = 21342 ; free virtual = 25550

Phase 4 Rip-up And Reroute

Phase 4.1 Global Iteration 0
 Number of Nodes with overlaps = 121
 Number of Nodes with overlaps = 15
 Number of Nodes with overlaps = 2
 Number of Nodes with overlaps = 0
INFO: [Route 35-416] Intermediate Timing Summary | WNS=1.793  | TNS=0.000  | WHS=N/A    | THS=N/A    |

Phase 4.1 Global Iteration 0 | Checksum: 13b17a952

Time (s): cpu = 00:00:21 ; elapsed = 00:00:17 . Memory (MB): peak = 3035.582 ; gain = 77.789 ; free physical = 21345 ; free virtual = 25553

Phase 4.2 Global Iteration 1
 Number of Nodes with overlaps = 0
INFO: [Route 35-416] Intermediate Timing Summary | WNS=1.793  | TNS=0.000  | WHS=N/A    | THS=N/A    |

Phase 4.2 Global Iteration 1 | Checksum: 1f88b7f1d

Time (s): cpu = 00:00:21 ; elapsed = 00:00:17 . Memory (MB): peak = 3035.582 ; gain = 77.789 ; free physical = 21337 ; free virtual = 25545
Phase 4 Rip-up And Reroute | Checksum: 1f88b7f1d

Time (s): cpu = 00:00:21 ; elapsed = 00:00:17 . Memory (MB): peak = 3035.582 ; gain = 77.789 ; free physical = 21331 ; free virtual = 25539

Phase 5 Delay and Skew Optimization

Phase 5.1 Delay CleanUp
Phase 5.1 Delay CleanUp | Checksum: 1f88b7f1d

Time (s): cpu = 00:00:21 ; elapsed = 00:00:17 . Memory (MB): peak = 3035.582 ; gain = 77.789 ; free physical = 21342 ; free virtual = 25550

Phase 5.2 Clock Skew Optimization
Phase 5.2 Clock Skew Optimization | Checksum: 1f88b7f1d

Time (s): cpu = 00:00:21 ; elapsed = 00:00:17 . Memory (MB): peak = 3035.582 ; gain = 77.789 ; free physical = 21338 ; free virtual = 25546
Phase 5 Delay and Skew Optimization | Checksum: 1f88b7f1d

Time (s): cpu = 00:00:21 ; elapsed = 00:00:17 . Memory (MB): peak = 3035.582 ; gain = 77.789 ; free physical = 21351 ; free virtual = 25560

Phase 6 Post Hold Fix

Phase 6.1 Hold Fix Iter

Phase 6.1.1 Update Timing
Phase 6.1.1 Update Timing | Checksum: 1efbc6b83

Time (s): cpu = 00:00:21 ; elapsed = 00:00:17 . Memory (MB): peak = 3035.582 ; gain = 77.789 ; free physical = 21344 ; free virtual = 25552
INFO: [Route 35-416] Intermediate Timing Summary | WNS=1.908  | TNS=0.000  | WHS=0.129  | THS=0.000  |

Phase 6.1 Hold Fix Iter | Checksum: 19101dea6

Time (s): cpu = 00:00:21 ; elapsed = 00:00:17 . Memory (MB): peak = 3035.582 ; gain = 77.789 ; free physical = 21336 ; free virtual = 25544
Phase 6 Post Hold Fix | Checksum: 19101dea6

Time (s): cpu = 00:00:21 ; elapsed = 00:00:17 . Memory (MB): peak = 3035.582 ; gain = 77.789 ; free physical = 21328 ; free virtual = 25536

Phase 7 Route finalize

Router Utilization Summary
  Global Vertical Routing Utilization    = 0.110231 %
  Global Horizontal Routing Utilization  = 0.165061 %
  Routable Net Status*
  *Does not include unroutable nets such as driverless and loadless.
  Run report_route_status for detailed report.
  Number of Failed Nets               = 0
    (Failed Nets is the sum of unrouted and partially routed nets)
  Number of Unrouted Nets             = 0
  Number of Partially Routed Nets     = 0
  Number of Node Overlaps             = 0

Phase 7 Route finalize | Checksum: 1cef58b7b

Time (s): cpu = 00:00:21 ; elapsed = 00:00:17 . Memory (MB): peak = 3035.582 ; gain = 77.789 ; free physical = 21343 ; free virtual = 25552

Phase 8 Verifying routed nets

 Verification completed successfully
Phase 8 Verifying routed nets | Checksum: 1cef58b7b

Time (s): cpu = 00:00:21 ; elapsed = 00:00:17 . Memory (MB): peak = 3035.582 ; gain = 77.789 ; free physical = 21351 ; free virtual = 25559

Phase 9 Depositing Routes
Phase 9 Depositing Routes | Checksum: 1db457e46

Time (s): cpu = 00:00:21 ; elapsed = 00:00:18 . Memory (MB): peak = 3035.582 ; gain = 77.789 ; free physical = 21336 ; free virtual = 25544

Phase 10 Post Router Timing
INFO: [Route 35-57] Estimated Timing Summary | WNS=1.908  | TNS=0.000  | WHS=0.129  | THS=0.000  |

INFO: [Route 35-327] The final timing numbers are based on the router estimated timing analysis. For a complete and accurate timing signoff, please run report_timing_summary.
Phase 10 Post Router Timing | Checksum: 1db457e46

Time (s): cpu = 00:00:21 ; elapsed = 00:00:18 . Memory (MB): peak = 3035.582 ; gain = 77.789 ; free physical = 21342 ; free virtual = 25550
INFO: [Route 35-16] Router Completed Successfully

Time (s): cpu = 00:00:21 ; elapsed = 00:00:18 . Memory (MB): peak = 3035.582 ; gain = 77.789 ; free physical = 21350 ; free virtual = 25558

Routing Is Done.
INFO: [Common 17-83] Releasing license: Implementation
85 Infos, 0 Warnings, 0 Critical Warnings and 0 Errors encountered.
route_design completed successfully
route_design: Time (s): cpu = 00:00:23 ; elapsed = 00:00:19 . Memory (MB): peak = 3035.582 ; gain = 77.789 ; free physical = 21355 ; free virtual = 25563
INFO: [Common 17-600] The following parameters have non-default value.
general.maxThreads
INFO: [Timing 38-480] Writing timing data to binary archive.
Writing placer database...
Writing XDEF routing.
Writing XDEF routing logical nets.
Writing XDEF routing special nets.
Write XDEF Complete: Time (s): cpu = 00:00:00.16 ; elapsed = 00:00:00.05 . Memory (MB): peak = 3052.488 ; gain = 8.906 ; free physical = 21346 ; free virtual = 25556
INFO: [Common 17-1381] The checkpoint '/local/embedded/courses/ECE340_EmbeddedSystems/Labs/lab1/step4/project_1_step4/project_1_step4.runs/impl_1/fpadd_system_routed.dcp' has been generated.
INFO: [runtcl-4] Executing : report_drc -file fpadd_system_drc_routed.rpt -pb fpadd_system_drc_routed.pb -rpx fpadd_system_drc_routed.rpx
Command: report_drc -file fpadd_system_drc_routed.rpt -pb fpadd_system_drc_routed.pb -rpx fpadd_system_drc_routed.rpx
INFO: [IP_Flow 19-1839] IP Catalog is up to date.
INFO: [DRC 23-27] Running DRC with 4 threads
INFO: [Coretcl 2-168] The results of DRC are in file /local/embedded/courses/ECE340_EmbeddedSystems/Labs/lab1/step4/project_1_step4/project_1_step4.runs/impl_1/fpadd_system_drc_routed.rpt.
report_drc completed successfully
INFO: [runtcl-4] Executing : report_methodology -file fpadd_system_methodology_drc_routed.rpt -pb fpadd_system_methodology_drc_routed.pb -rpx fpadd_system_methodology_drc_routed.rpx
Command: report_methodology -file fpadd_system_methodology_drc_routed.rpt -pb fpadd_system_methodology_drc_routed.pb -rpx fpadd_system_methodology_drc_routed.rpx
INFO: [Timing 38-35] Done setting XDC timing constraints.
INFO: [DRC 23-133] Running Methodology with 4 threads
INFO: [Coretcl 2-1520] The results of Report Methodology are in file /local/embedded/courses/ECE340_EmbeddedSystems/Labs/lab1/step4/project_1_step4/project_1_step4.runs/impl_1/fpadd_system_methodology_drc_routed.rpt.
report_methodology completed successfully
INFO: [runtcl-4] Executing : report_power -file fpadd_system_power_routed.rpt -pb fpadd_system_power_summary_routed.pb -rpx fpadd_system_power_routed.rpx
Command: report_power -file fpadd_system_power_routed.rpt -pb fpadd_system_power_summary_routed.pb -rpx fpadd_system_power_routed.rpx
INFO: [Timing 38-35] Done setting XDC timing constraints.
Running Vector-less Activity Propagation...

Finished Running Vector-less Activity Propagation
98 Infos, 0 Warnings, 0 Critical Warnings and 0 Errors encountered.
report_power completed successfully
INFO: [runtcl-4] Executing : report_route_status -file fpadd_system_route_status.rpt -pb fpadd_system_route_status.pb
INFO: [runtcl-4] Executing : report_timing_summary -max_paths 10 -file fpadd_system_timing_summary_routed.rpt -pb fpadd_system_timing_summary_routed.pb -rpx fpadd_system_timing_summary_routed.rpx -warn_on_violation 
INFO: [Timing 38-91] UpdateTimingParams: Speed grade: -1, Delay Type: min_max.
INFO: [Timing 38-191] Multithreading enabled for timing update using a maximum of 4 CPUs
INFO: [runtcl-4] Executing : report_incremental_reuse -file fpadd_system_incremental_reuse_routed.rpt
INFO: [Vivado_Tcl 4-1062] Incremental flow is disabled. No incremental reuse Info to report.
INFO: [runtcl-4] Executing : report_clock_utilization -file fpadd_system_clock_utilization_routed.rpt
INFO: [runtcl-4] Executing : report_bus_skew -warn_on_violation -file fpadd_system_bus_skew_routed.rpt -pb fpadd_system_bus_skew_routed.pb -rpx fpadd_system_bus_skew_routed.rpx
INFO: [Timing 38-91] UpdateTimingParams: Speed grade: -1, Delay Type: min_max.
INFO: [Timing 38-191] Multithreading enabled for timing update using a maximum of 4 CPUs
INFO: [Common 17-206] Exiting Vivado at Thu Mar 24 10:09:48 2022...

*** Running vivado
    with args -log fpadd_system.vdi -applog -m64 -product Vivado -messageDb vivado.pb -mode batch -source fpadd_system.tcl -notrace


****** Vivado v2020.2 (64-bit)
  **** SW Build 3064766 on Wed Nov 18 09:12:47 MST 2020
  **** IP Build 3064653 on Wed Nov 18 14:17:31 MST 2020
    ** Copyright 1986-2020 Xilinx, Inc. All Rights Reserved.

source fpadd_system.tcl -notrace
Command: open_checkpoint fpadd_system_routed.dcp

Starting open_checkpoint Task

Time (s): cpu = 00:00:00.14 ; elapsed = 00:00:00.10 . Memory (MB): peak = 2383.277 ; gain = 0.000 ; free physical = 22560 ; free virtual = 26770
INFO: [Device 21-403] Loading part xc7z020clg484-1
Netlist sorting complete. Time (s): cpu = 00:00:00 ; elapsed = 00:00:00.01 . Memory (MB): peak = 2391.578 ; gain = 0.000 ; free physical = 22225 ; free virtual = 26434
INFO: [Netlist 29-17] Analyzing 48 Unisim elements for replacement
INFO: [Netlist 29-28] Unisim Transformation completed in 0 CPU seconds
INFO: [Project 1-479] Netlist was created with Vivado 2020.2
INFO: [Project 1-570] Preparing netlist for logic optimization
INFO: [Timing 38-478] Restoring timing data from binary archive.
INFO: [Timing 38-479] Binary timing data restore complete.
INFO: [Project 1-856] Restoring constraints from binary archive.
INFO: [Constraints 18-5170] The checkpoint was created with non-default parameter values which do not match the current Vivado settings.  Mismatching parameters are:
  general.maxThreads
INFO: [Project 1-853] Binary constraint restore complete.
Reading XDEF placement.
Reading placer database...
Reading XDEF routing.
Read XDEF File: Time (s): cpu = 00:00:00.13 ; elapsed = 00:00:00.19 . Memory (MB): peak = 2620.293 ; gain = 7.938 ; free physical = 21636 ; free virtual = 25845
Restored from archive | CPU: 0.190000 secs | Memory: 1.928917 MB |
Finished XDEF File Restore: Time (s): cpu = 00:00:00.13 ; elapsed = 00:00:00.19 . Memory (MB): peak = 2620.293 ; gain = 7.938 ; free physical = 21636 ; free virtual = 25845
Netlist sorting complete. Time (s): cpu = 00:00:00.01 ; elapsed = 00:00:00 . Memory (MB): peak = 2620.293 ; gain = 0.000 ; free physical = 21651 ; free virtual = 25860
INFO: [Project 1-111] Unisim Transformation Summary:
No Unisim elements were transformed.

INFO: [Project 1-604] Checkpoint was created with Vivado v2020.2 (64-bit) build 3064766
open_checkpoint: Time (s): cpu = 00:00:16 ; elapsed = 00:00:17 . Memory (MB): peak = 2620.293 ; gain = 237.020 ; free physical = 21638 ; free virtual = 25847
Command: write_bitstream -force fpadd_system.bit
Attempting to get a license for feature 'Implementation' and/or device 'xc7z020'
INFO: [Common 17-349] Got license for feature 'Implementation' and/or device 'xc7z020'
Running DRC as a precondition to command write_bitstream
INFO: [IP_Flow 19-234] Refreshing IP repositories
INFO: [IP_Flow 19-1704] No user IP repositories specified
INFO: [IP_Flow 19-2313] Loaded Vivado IP repository '/opt/Xilinx/Vivado/2020.2/data/ip'.
INFO: [DRC 23-27] Running DRC with 4 threads
WARNING: [DRC ZPS7-1] PS7 block required: The PS7 cell must be used in this Zynq design in order to enable correct default configuration.
INFO: [Vivado 12-3199] DRC finished with 0 Errors, 1 Warnings
INFO: [Vivado 12-3200] Please refer to the DRC report (report_drc) for more information.
INFO: [Designutils 20-2272] Running write_bitstream with 4 threads.
Loading data files...
Loading site data...
Loading route data...
Processing options...
Creating bitmap...
Creating bitstream...
Writing bitstream ./fpadd_system.bit...
INFO: [Vivado 12-1842] Bitgen Completed Successfully.
INFO: [Common 17-83] Releasing license: Implementation
22 Infos, 1 Warnings, 0 Critical Warnings and 0 Errors encountered.
write_bitstream completed successfully
write_bitstream: Time (s): cpu = 00:00:13 ; elapsed = 00:00:22 . Memory (MB): peak = 3077.918 ; gain = 457.625 ; free physical = 21586 ; free virtual = 25799
INFO: [Common 17-206] Exiting Vivado at Thu Mar 24 10:11:11 2022...
